GET [22/Feb/2026:11:42:27 +0530] /health PostmanRuntime/7.51.1 200 14ms
GET [22/Feb/2026:11:42:55 +0530] /health PostmanRuntime/7.51.1 200 8ms
GET [22/Feb/2026:11:44:43 +0530] /health PostmanRuntime/7.51.1 200 8ms
GET [22/Feb/2026:11:44:47 +0530] /health PostmanRuntime/7.51.1 200 8ms
GET [22/Feb/2026:11:48:00 +0530] /health PostmanRuntime/7.51.1 200 8ms
POST [22/Feb/2026:11:48:16 +0530] /api/auth/register PostmanRuntime/7.51.1 500 192ms
POST [22/Feb/2026:11:50:36 +0530] /api/auth/register PostmanRuntime/7.51.1 500 159ms
POST [22/Feb/2026:11:53:58 +0530] /api/auth/register PostmanRuntime/7.51.1 500 150ms
POST [22/Feb/2026:11:57:27 +0530] /api/auth/register PostmanRuntime/7.51.1 500 259ms
POST [22/Feb/2026:12:00:38 +0530] /api/auth/register PostmanRuntime/7.51.1 500 179ms
POST [22/Feb/2026:12:08:24 +0530] /api/auth/register PostmanRuntime/7.51.1 500 241ms
POST [22/Feb/2026:12:16:07 +0530] /api/auth/register PostmanRuntime/7.51.1 409 56ms
POST [22/Feb/2026:12:16:14 +0530] /api/auth/register PostmanRuntime/7.51.1 500 162ms
POST [22/Feb/2026:12:17:00 +0530] /api/auth/register PostmanRuntime/7.51.1 409 5ms
POST [22/Feb/2026:12:17:32 +0530] /api/auth/register PostmanRuntime/7.51.1 500 136ms
POST [22/Feb/2026:12:20:41 +0530] /api/auth/register PostmanRuntime/7.51.1 500 161ms
POST [22/Feb/2026:12:25:40 +0530] /api/auth/register PostmanRuntime/7.51.1 409 82ms
POST [22/Feb/2026:12:25:57 +0530] /api/auth/register PostmanRuntime/7.51.1 409 5ms
POST [22/Feb/2026:12:26:09 +0530] /api/auth/register PostmanRuntime/7.51.1 500 145ms
POST [22/Feb/2026:12:31:01 +0530] /api/auth/register PostmanRuntime/7.51.1 409 192ms
POST [22/Feb/2026:12:31:34 +0530] /api/auth/register PostmanRuntime/7.51.1 500 265ms
POST [22/Feb/2026:12:35:43 +0530] /api/auth/register PostmanRuntime/7.51.1 409 5ms
POST [22/Feb/2026:12:36:02 +0530] /api/auth/register PostmanRuntime/7.51.1 500 211ms
POST [22/Feb/2026:12:41:34 +0530] /api/auth/register PostmanRuntime/7.51.1 409 62ms
POST [22/Feb/2026:12:42:04 +0530] /api/auth/register PostmanRuntime/7.51.1 500 183ms
POST [22/Feb/2026:12:59:39 +0530] /api/auth/register PostmanRuntime/7.51.1 500 262ms
POST [22/Feb/2026:13:07:01 +0530] /api/auth/register PostmanRuntime/7.51.1 409 58ms
POST [22/Feb/2026:13:07:23 +0530] /api/auth/register PostmanRuntime/7.51.1 500 127ms
POST [22/Feb/2026:13:17:46 +0530] /api/auth/register PostmanRuntime/7.51.1 409 76ms
POST [22/Feb/2026:13:18:09 +0530] /api/auth/register PostmanRuntime/7.51.1 201 204ms
POST [22/Feb/2026:13:25:17 +0530] /api/auth/login PostmanRuntime/7.51.1 200 176ms
POST [22/Feb/2026:13:26:15 +0530] /api/auth/login PostmanRuntime/7.51.1 200 112ms
POST [22/Feb/2026:13:29:06 +0530] /api/auth/change-password PostmanRuntime/7.51.1 500 2ms
POST [22/Feb/2026:13:29:43 +0530] /api/auth/change-password PostmanRuntime/7.51.1 500 1ms
POST [22/Feb/2026:13:30:55 +0530] /api/auth/change-password&id=cmlxg44jf0000v3fkrieaasyg PostmanRuntime/7.51.1 404 2ms
POST [22/Feb/2026:13:31:09 +0530] /api/auth/change-password?id=cmlxg44jf0000v3fkrieaasyg PostmanRuntime/7.51.1 500 1ms
POST [22/Feb/2026:13:33:01 +0530] /api/auth/change-password?id=cmlxg44jf0000v3fkrieaasyg PostmanRuntime/7.51.1 500 7ms
POST [22/Feb/2026:13:33:09 +0530] /api/auth/change-password?id=cmlxg44jf0000v3fkrieaasyg PostmanRuntime/7.51.1 500 3ms
POST [22/Feb/2026:13:41:25 +0530] /api/auth/change-password?id=cmlxg44jf0000v3fkrieaasyg PostmanRuntime/7.51.1 500 12ms
POST [22/Feb/2026:13:41:43 +0530] /api/auth/change-password PostmanRuntime/7.51.1 500 4ms
POST [22/Feb/2026:13:45:20 +0530] /api/auth/change-password PostmanRuntime/7.51.1 500 8ms
POST [22/Feb/2026:14:05:53 +0530] /api/auth/register PostmanRuntime/7.51.1 500 163ms
POST [22/Feb/2026:14:05:58 +0530] /api/auth/register PostmanRuntime/7.51.1 500 141ms
POST [22/Feb/2026:14:09:21 +0530] /api/auth/register PostmanRuntime/7.51.1 500 15ms
POST [22/Feb/2026:14:10:38 +0530] /api/auth/register PostmanRuntime/7.51.1 500 167ms
POST [22/Feb/2026:14:14:58 +0530] /api/auth/register PostmanRuntime/7.51.1 201 246ms
POST [22/Feb/2026:14:15:04 +0530] /api/auth/login PostmanRuntime/7.51.1 200 180ms
POST [22/Feb/2026:14:16:25 +0530] /api/auth/logout PostmanRuntime/7.51.1 500 9ms
POST [22/Feb/2026:14:17:16 +0530] /api/auth/logout PostmanRuntime/7.51.1 500 6ms
POST [22/Feb/2026:14:41:10 +0530] /api/auth/logout PostmanRuntime/7.51.1 500 9ms
POST [22/Feb/2026:14:41:22 +0530] /api/auth/change-password PostmanRuntime/7.51.1 500 3ms
POST [22/Feb/2026:14:42:28 +0530] /api/auth/change-password PostmanRuntime/7.51.1 401 20ms
POST [22/Feb/2026:14:42:40 +0530] /api/auth/login PostmanRuntime/7.51.1 200 199ms
POST [22/Feb/2026:14:42:59 +0530] /api/auth/logout PostmanRuntime/7.51.1 401 2ms
POST [22/Feb/2026:14:43:37 +0530] /api/auth/change-password PostmanRuntime/7.51.1 200 278ms
POST [22/Feb/2026:14:43:56 +0530] /api/auth/logout PostmanRuntime/7.51.1 200 13ms
POST [22/Feb/2026:14:44:13 +0530] /api/auth/register PostmanRuntime/7.51.1 201 150ms
POST [22/Feb/2026:14:46:05 +0530] /api/auth/forgot-password PostmanRuntime/7.51.1 200 7ms
GET [22/Feb/2026:14:47:14 +0530] /api/users/profile PostmanRuntime/7.51.1 500 8ms
GET [22/Feb/2026:14:49:31 +0530] /api/users/profile PostmanRuntime/7.51.1 200 145ms
PUT [22/Feb/2026:14:53:11 +0530] /api/users/profile PostmanRuntime/7.51.1 200 86ms
POST [22/Feb/2026:16:02:04 +0530] /api/accommodations PostmanRuntime/7.51.1 500 139ms
POST [22/Feb/2026:16:05:57 +0530] /api/accommodations PostmanRuntime/7.51.1 403 40ms
POST [22/Feb/2026:16:28:51 +0530] /api/auth/register PostmanRuntime/7.51.1 201 234ms
POST [22/Feb/2026:16:44:19 +0530] /api/auth/register PostmanRuntime/7.51.1 201 196ms
POST [22/Feb/2026:16:44:59 +0530] /api/vendor/apply PostmanRuntime/7.51.1 404 2ms
POST [22/Feb/2026:17:09:28 +0530] /api/auth/register PostmanRuntime/7.51.1 409 103ms
POST [22/Feb/2026:17:09:35 +0530] /api/auth/register PostmanRuntime/7.51.1 201 199ms
POST [22/Feb/2026:17:09:53 +0530] /api/vendor/apply PostmanRuntime/7.51.1 201 277ms
POST [22/Feb/2026:17:13:16 +0530] /api/auth/login PostmanRuntime/7.51.1 401 7ms
POST [22/Feb/2026:17:15:20 +0530] /api/auth/login PostmanRuntime/7.51.1 400 7ms
POST [22/Feb/2026:17:15:26 +0530] /api/auth/login PostmanRuntime/7.51.1 400 1ms
POST [22/Feb/2026:17:19:26 +0530] /api/auth/login PostmanRuntime/7.51.1 500 183ms
POST [22/Feb/2026:17:21:58 +0530] /api/auth/login PostmanRuntime/7.51.1 500 199ms
POST [22/Feb/2026:17:31:48 +0530] /api/auth/login PostmanRuntime/7.51.1 500 302ms
POST [22/Feb/2026:17:34:38 +0530] /api/auth/login PostmanRuntime/7.51.1 200 128ms
POST [22/Feb/2026:17:34:56 +0530] /api/vendor/apply PostmanRuntime/7.51.1 201 143ms
POST [22/Feb/2026:17:35:45 +0530] /api/admin/vendor-applications/cmlxoe5hu0006v3ccmtnepke2/approve PostmanRuntime/7.51.1 404 4ms
GET [22/Feb/2026:17:37:51 +0530] /api/admin/vendors PostmanRuntime/7.51.1 404 2ms
GET [22/Feb/2026:17:39:21 +0530] /api/vendor/admin/vendors PostmanRuntime/7.51.1 200 112ms
POST [22/Feb/2026:17:39:51 +0530] /api/vendor/admin/vendor-applications/cmlxoe5hu0006v3ccmtnepke2/approve PostmanRuntime/7.51.1 404 6ms
POST [22/Feb/2026:17:40:09 +0530] /api/vendor/admin/vendor-applications/cmlxoe5hu0006v3ccmtnepke2/approve PostmanRuntime/7.51.1 404 13ms
POST [22/Feb/2026:17:40:48 +0530] /api/vendor/apply PostmanRuntime/7.51.1 400 40ms
POST [22/Feb/2026:17:45:19 +0530] /api/auth/register PostmanRuntime/7.51.1 201 272ms
POST [22/Feb/2026:17:45:36 +0530] /api/vendor/apply PostmanRuntime/7.51.1 201 147ms
POST [22/Feb/2026:17:45:46 +0530] /api/auth/login PostmanRuntime/7.51.1 200 192ms
POST [22/Feb/2026:17:47:26 +0530] /api/admin/vendor-applications/cmlxpo2ed0007v3oovu0rgbl6/approve PostmanRuntime/7.51.1 404 4ms
POST [22/Feb/2026:17:49:02 +0530] /api/vendor/admin/applications/cmlxpo2ed0007v3oovu0rgbl6/approve PostmanRuntime/7.51.1 500 20ms
POST [22/Feb/2026:17:49:21 +0530] /api/vendor/admin/applications/cmlxpo2ed0007v3oovu0rgbl6/approve PostmanRuntime/7.51.1 200 50ms
POST [22/Feb/2026:17:50:29 +0530] /api/vendor/admin/applications/cmlxpo2ed0007v3oovu0rgbl6/approve PostmanRuntime/7.51.1 400 5ms
POST [22/Feb/2026:17:51:26 +0530] /api/vendor/apply PostmanRuntime/7.51.1 400 44ms
POST [22/Feb/2026:18:03:28 +0530] /api/auth/register PostmanRuntime/7.51.1 201 190ms
POST [22/Feb/2026:18:04:03 +0530] /api/vendor/apply PostmanRuntime/7.51.1 201 326ms
POST [22/Feb/2026:18:04:20 +0530] /api/vendor/admin/applications/cmlxqbtci0007v3qg59il7xll/approve PostmanRuntime/7.51.1 200 23ms
POST [22/Feb/2026:18:05:00 +0530] /api/vendor/apply PostmanRuntime/7.51.1 400 7ms
POST [22/Feb/2026:18:10:18 +0530] /api/vendor/apply PostmanRuntime/7.51.1 400 111ms
POST [22/Feb/2026:18:13:40 +0530] /api/accommodations PostmanRuntime/7.51.1 201 95ms
POST [22/Feb/2026:18:17:36 +0530] /api/accommodations/%7BaccommodationId%7D/rooms PostmanRuntime/7.51.1 403 35ms
POST [22/Feb/2026:18:18:11 +0530] /api/accommodations/%7BaccommodationId%7D/rooms PostmanRuntime/7.51.1 403 17ms
POST [22/Feb/2026:18:18:33 +0530] /api/accommodations/cmlxqo65r0001v3rk0a5wsp88/rooms PostmanRuntime/7.51.1 201 20ms
POST [22/Feb/2026:18:19:52 +0530] /api/accommodations/%7BaccommodationId%7D/services PostmanRuntime/7.51.1 403 55ms
POST [22/Feb/2026:18:20:08 +0530] /api/accommodations/cmlxqo65r0001v3rk0a5wsp88/services PostmanRuntime/7.51.1 201 22ms
GET [22/Feb/2026:18:21:28 +0530] /api/vendor/my-accommodations PostmanRuntime/7.51.1 200 60ms
POST [22/Feb/2026:21:11:56 +0530] /api/auth/register PostmanRuntime/7.51.1 201 196ms
POST [22/Feb/2026:21:17:38 +0530] /api/auth/register PostmanRuntime/7.51.1 409 42ms
POST [22/Feb/2026:21:18:13 +0530] /api/auth/login PostmanRuntime/7.51.1 401 13ms
POST [22/Feb/2026:21:18:44 +0530] /api/auth/login PostmanRuntime/7.51.1 200 169ms
POST [22/Feb/2026:21:21:42 +0530] /api/travel-plans PostmanRuntime/7.51.1 201 244ms
GET [22/Feb/2026:21:22:45 +0530] /api/travel-plans PostmanRuntime/7.51.1 200 217ms
GET [22/Feb/2026:21:22:52 +0530] /api/travel-plans PostmanRuntime/7.51.1 401 1ms
GET [22/Feb/2026:21:22:57 +0530] /api/travel-plans PostmanRuntime/7.51.1 200 23ms
GET [22/Feb/2026:21:24:22 +0530] /api/travel-plans/cmlxxdz9r000bv3z4km5p31bw PostmanRuntime/7.51.1 401 1ms
GET [22/Feb/2026:21:24:30 +0530] /api/travel-plans/cmlxxdz9r000bv3z4km5p31bw PostmanRuntime/7.51.1 500 73ms
GET [22/Feb/2026:21:24:54 +0530] /api/travel-plans/cmlxxdz9r000bv3z4km5p31bw PostmanRuntime/7.51.1 500 15ms
GET [22/Feb/2026:21:28:40 +0530] /api/travel-plans/cmlxxdz9r000bv3z4km5p31bw PostmanRuntime/7.51.1 200 143ms
POST [22/Feb/2026:21:31:34 +0530] /api/travel-plans PostmanRuntime/7.51.1 201 70ms
GET [22/Feb/2026:21:33:23 +0530] /api/accommodations?city=Calangute&country=India&minRating=4&page=1&limit=10 PostmanRuntime/7.51.1 200 117ms
GET [22/Feb/2026:21:36:50 +0530] /api/vendor/status PostmanRuntime/7.51.1 404 12ms
GET [22/Feb/2026:21:37:22 +0530] /api/vendor/status PostmanRuntime/7.51.1 404 3ms
POST [22/Feb/2026:21:38:44 +0530] /api/vendor/apply PostmanRuntime/7.51.1 404 10ms
POST [22/Feb/2026:21:39:15 +0530] /api/vendor/register PostmanRuntime/7.51.1 400 24ms
POST [22/Feb/2026:21:39:32 +0530] /api/vendor/register PostmanRuntime/7.51.1 500 121ms
POST [22/Feb/2026:21:42:55 +0530] /api/auth/register PostmanRuntime/7.51.1 201 216ms
POST [22/Feb/2026:21:44:26 +0530] /api/vendor/register PostmanRuntime/7.51.1 201 203ms
POST [22/Feb/2026:21:45:40 +0530] /api/auth/login PostmanRuntime/7.51.1 200 108ms
GET [22/Feb/2026:21:47:27 +0530] /api/admin/vendors/pending PostmanRuntime/7.51.1 404 2ms
GET [22/Feb/2026:21:47:49 +0530] /api/admin/vendors/pending PostmanRuntime/7.51.1 404 2ms
GET [22/Feb/2026:21:49:41 +0530] /api/vendor/admin/vendors/pending PostmanRuntime/7.51.1 404 297ms
GET [22/Feb/2026:21:51:34 +0530] /api/admin/vendors/pending PostmanRuntime/7.51.1 404 1ms
GET [22/Feb/2026:21:51:44 +0530] /api/vendors/admin/vendors/pending PostmanRuntime/7.51.1 404 1ms
GET [22/Feb/2026:21:51:49 +0530] /api/vendor/admin/vendors/pending PostmanRuntime/7.51.1 404 6ms
GET [22/Feb/2026:21:52:05 +0530] /api/vendor/admin/vendors/pending PostmanRuntime/7.51.1 404 16ms
POST [22/Feb/2026:21:55:59 +0530] /api/admin/vendors/cmlxy77my0007v3u0xc8f65e0/verify PostmanRuntime/7.51.1 404 3ms
POST [22/Feb/2026:21:56:10 +0530] /api/vendor/admin/vendors/cmlxy77my0007v3u0xc8f65e0/verify PostmanRuntime/7.51.1 500 199ms
GET [22/Feb/2026:21:59:26 +0530] /api/vendor/admin/vendors/pending PostmanRuntime/7.51.1 404 26ms
GET [22/Feb/2026:22:00:41 +0530] /api/vendor/status PostmanRuntime/7.51.1 404 9ms
GET [22/Feb/2026:22:15:21 +0530] /api/vendor/admin/vendors/pending PostmanRuntime/7.51.1 404 104ms
GET [22/Feb/2026:22:16:06 +0530] /api/vendor/admin/vendors/pending PostmanRuntime/7.51.1 404 165ms
GET [22/Feb/2026:22:16:34 +0530] /api/vendor/admin/vendors/pending PostmanRuntime/7.51.1 404 92ms
GET [22/Feb/2026:22:17:06 +0530] /api/vendor/admin/vendors/pending PostmanRuntime/7.51.1 404 76ms
GET [22/Feb/2026:22:19:01 +0530] /api/vendor/admin/vendors/pending PostmanRuntime/7.51.1 404 82ms
GET [22/Feb/2026:22:19:56 +0530] /api/vendor/admin/vendors/pending PostmanRuntime/7.51.1 404 90ms
GET [22/Feb/2026:22:20:16 +0530] /api/vendor/admin/vendors/pending PostmanRuntime/7.51.1 404 92ms
GET [22/Feb/2026:22:21:44 +0530] /api/vendor/admin/vendors/pending PostmanRuntime/7.51.1 404 73ms
GET [22/Feb/2026:22:22:34 +0530] /api/vendor/admin/application/pending PostmanRuntime/7.51.1 200 171ms
GET [22/Feb/2026:22:23:17 +0530] /api/vendor/admin/application/pending PostmanRuntime/7.51.1 200 118ms
POST [22/Feb/2026:22:24:22 +0530] /api/vendor/admin/vendors/cmlxy77my0007v3u0xc8f65e0/verify PostmanRuntime/7.51.1 500 23ms
POST [22/Feb/2026:22:24:59 +0530] /api/vendor/admin/vendors/cmlxy77my0007v3u0xc8f65e0/verify PostmanRuntime/7.51.1 403 19ms
POST [22/Feb/2026:22:25:20 +0530] /api/vendor/admin/vendors/cmlxy77my0007v3u0xc8f65e0/verify PostmanRuntime/7.51.1 500 22ms
POST [22/Feb/2026:22:27:06 +0530] /api/vendor/admin/vendors/cmlxy77my0007v3u0xc8f65e0/verify PostmanRuntime/7.51.1 200 72ms
POST [22/Feb/2026:22:29:22 +0530] /api/accommodations PostmanRuntime/7.51.1 403 48ms
GET [22/Feb/2026:22:30:07 +0530] /api/users/profile PostmanRuntime/7.51.1 200 55ms
POST [22/Feb/2026:22:31:55 +0530] /api/accommodations PostmanRuntime/7.51.1 500 90ms
POST [22/Feb/2026:22:39:39 +0530] /api/accommodations PostmanRuntime/7.51.1 403 100ms
POST [22/Feb/2026:22:40:00 +0530] /api/auth/login PostmanRuntime/7.51.1 200 168ms
POST [22/Feb/2026:22:40:13 +0530] /api/accommodations PostmanRuntime/7.51.1 403 85ms
POST [22/Feb/2026:22:40:30 +0530] /api/accommodations PostmanRuntime/7.51.1 403 5ms
POST [22/Feb/2026:22:42:02 +0530] /api/accommodations PostmanRuntime/7.51.1 403 80ms
POST [22/Feb/2026:22:46:26 +0530] /api/accommodations PostmanRuntime/7.51.1 403 67ms
POST [22/Feb/2026:22:47:12 +0530] /api/accommodations PostmanRuntime/7.51.1 403 79ms
POST [22/Feb/2026:22:48:06 +0530] /api/accommodations PostmanRuntime/7.51.1 201 58ms
POST [22/Feb/2026:22:50:37 +0530] /api/accommodations PostmanRuntime/7.51.1 201 27ms
POST [22/Feb/2026:22:50:53 +0530] /api/accommodations PostmanRuntime/7.51.1 201 22ms
GET [22/Feb/2026:22:51:14 +0530] /api/vendor/my-accommodations PostmanRuntime/7.51.1 401 8ms
GET [22/Feb/2026:22:51:32 +0530] /api/vendor/my-accommodations PostmanRuntime/7.51.1 404 9ms
GET [22/Feb/2026:22:53:09 +0530] /api/vendor/dashboard PostmanRuntime/7.51.1 200 232ms
GET [22/Feb/2026:23:03:13 +0530] /api/vendor/dashboard PostmanRuntime/7.51.1 500 53ms
GET [22/Feb/2026:23:03:21 +0530] /api/vendor/dashboard PostmanRuntime/7.51.1 500 6ms
GET [22/Feb/2026:23:04:28 +0530] /api/vendor/dashboard PostmanRuntime/7.51.1 500 56ms
GET [22/Feb/2026:23:05:31 +0530] /api/vendor/dashboard PostmanRuntime/7.51.1 200 207ms
GET [22/Feb/2026:23:08:45 +0530] /api/vendor/dashboard PostmanRuntime/7.51.1 200 171ms
POST [22/Feb/2026:23:11:06 +0530] /api/accommodations/cmly0h3my0001v3gcv4ddfq8v/rooms PostmanRuntime/7.51.1 201 88ms
POST [22/Feb/2026:23:12:06 +0530] /api/accommodations/cmly0h3my0001v3gcv4ddfq8v/rooms PostmanRuntime/7.51.1 201 25ms
POST [22/Feb/2026:23:12:43 +0530] /api/accommodations/cmly0kbep0003v3gcpvyc8u4h/rooms PostmanRuntime/7.51.1 201 29ms
POST [22/Feb/2026:23:14:43 +0530] /api/transportation/providers PostmanRuntime/7.51.1 400 12ms
POST [22/Feb/2026:23:15:06 +0530] /api/transportation/providers PostmanRuntime/7.51.1 403 22ms
POST [22/Feb/2026:23:15:41 +0530] /api/transportation/providers PostmanRuntime/7.51.1 403 20ms
POST [22/Feb/2026:23:16:19 +0530] /api/transportation/providers PostmanRuntime/7.51.1 500 119ms
POST [22/Feb/2026:23:20:58 +0530] /api/vendor/permissions PostmanRuntime/7.51.1 404 6ms
GET [22/Feb/2026:23:21:48 +0530] /api/vendor/permissions PostmanRuntime/7.51.1 404 23ms
POST [22/Feb/2026:23:24:23 +0530] /api/transportation/providers PostmanRuntime/7.51.1 500 50ms
POST [22/Feb/2026:23:28:08 +0530] /api/transportation/providers PostmanRuntime/7.51.1 404 62ms
POST [22/Feb/2026:23:28:37 +0530] /api/transportation/providers PostmanRuntime/7.51.1 404 12ms
POST [22/Feb/2026:23:30:25 +0530] /api/transportation/providers PostmanRuntime/7.51.1 404 87ms
POST [22/Feb/2026:23:33:22 +0530] /api/transportation/providers PostmanRuntime/7.51.1 403 222ms
POST [22/Feb/2026:23:34:03 +0530] /api/transportation/providers PostmanRuntime/7.51.1 403 94ms
POST [22/Feb/2026:23:37:24 +0530] /api/transportation/providers PostmanRuntime/7.51.1 403 79ms
POST [22/Feb/2026:23:40:41 +0530] /api/transportation/providers PostmanRuntime/7.51.1 403 248ms
POST [22/Feb/2026:23:44:21 +0530] /api/transportation/providers PostmanRuntime/7.51.1 403 98ms
GET [22/Feb/2026:23:48:03 +0530] /api/vendor/dashboard PostmanRuntime/7.51.1 200 176ms
POST [22/Feb/2026:23:49:21 +0530] /api/transportation/providers PostmanRuntime/7.51.1 403 68ms
POST [22/Feb/2026:23:54:16 +0530] /api/transportation/providers PostmanRuntime/7.51.1 403 97ms
POST [22/Feb/2026:23:54:42 +0530] /api/auth/register PostmanRuntime/7.51.1 201 254ms
POST [22/Feb/2026:23:55:09 +0530] /api/vendor/register PostmanRuntime/7.51.1 201 141ms
GET [22/Feb/2026:23:55:29 +0530] /api/vendor/admin/application/pending PostmanRuntime/7.51.1 200 28ms
POST [22/Feb/2026:23:55:40 +0530] /api/vendor/admin/vendors/cmly2vbp20006v3f8y04wso9e/verify PostmanRuntime/7.51.1 500 57ms
POST [22/Feb/2026:23:55:47 +0530] /api/vendor/admin/vendors/cmly2vbp20006v3f8y04wso9e/verify PostmanRuntime/7.51.1 500 18ms
POST [22/Feb/2026:23:57:17 +0530] /api/vendor/admin/vendors/cmly2vbp20006v3f8y04wso9e/verify PostmanRuntime/7.51.1 500 21ms
POST [22/Feb/2026:23:58:07 +0530] /api/vendor/admin/vendors/cmly2vbp20006v3f8y04wso9e/verify PostmanRuntime/7.51.1 200 26ms
POST [22/Feb/2026:23:58:37 +0530] /api/transportation/providers PostmanRuntime/7.51.1 404 7ms
POST [23/Feb/2026:00:01:54 +0530] /api/transportation/providers PostmanRuntime/7.51.1 404 84ms
POST [23/Feb/2026:00:02:50 +0530] /api/transportation/providers PostmanRuntime/7.51.1 403 45ms
POST [23/Feb/2026:00:03:36 +0530] /api/transportation/providers PostmanRuntime/7.51.1 403 144ms
POST [23/Feb/2026:00:04:40 +0530] /api/transportation/providers PostmanRuntime/7.51.1 403 74ms
POST [23/Feb/2026:00:12:02 +0530] /api/transportation/providers PostmanRuntime/7.51.1 500 337ms
POST [23/Feb/2026:00:12:49 +0530] /api/transportation/providers PostmanRuntime/7.51.1 409 58ms
POST [23/Feb/2026:00:13:03 +0530] /api/transportation/providers PostmanRuntime/7.51.1 409 21ms
POST [23/Feb/2026:00:14:20 +0530] /api/transportation/providers PostmanRuntime/7.51.1 400 10ms
POST [23/Feb/2026:00:14:50 +0530] /api/transportation/providers PostmanRuntime/7.51.1 500 33ms
POST [23/Feb/2026:00:18:35 +0530] /api/transportation/providers PostmanRuntime/7.51.1 409 89ms
POST [23/Feb/2026:00:19:04 +0530] /api/transportation/providers PostmanRuntime/7.51.1 400 22ms
POST [23/Feb/2026:00:19:16 +0530] /api/transportation/providers PostmanRuntime/7.51.1 201 48ms
GET [23/Feb/2026:00:22:42 +0530] /api/transportation/providers/cmly3qbtw0003v3qo1c7vy9ej/vehicles PostmanRuntime/7.51.1 404 4ms
POST [23/Feb/2026:00:23:56 +0530] /api/transportation/providers/cmly3qbtw0003v3qo1c7vy9ej/vehicles PostmanRuntime/7.51.1 201 73ms
GET [23/Feb/2026:00:25:13 +0530] /api/transportation/my-providers PostmanRuntime/7.51.1 200 11ms
POST [23/Feb/2026:00:27:38 +0530] /api/stores PostmanRuntime/7.51.1 400 4ms
POST [23/Feb/2026:00:29:23 +0530] /api/stores PostmanRuntime/7.51.1 403 19ms
POST [23/Feb/2026:00:29:46 +0530] /api/stores PostmanRuntime/7.51.1 403 13ms
POST [23/Feb/2026:00:41:17 +0530] /api/stores PostmanRuntime/7.51.1 500 128ms
POST [23/Feb/2026:00:43:03 +0530] /api/stores PostmanRuntime/7.51.1 201 103ms
POST [23/Feb/2026:00:44:07 +0530] /api/stores PostmanRuntime/7.51.1 400 7ms
POST [23/Feb/2026:00:46:50 +0530] /api/stores PostmanRuntime/7.51.1 201 78ms
POST [23/Feb/2026:00:47:53 +0530] /api/stores PostmanRuntime/7.51.1 201 27ms
GET [23/Feb/2026:00:49:41 +0530] /api/stores/cmly4r4s30007v3aw32slqjgc/products PostmanRuntime/7.51.1 200 5ms
POST [23/Feb/2026:00:49:57 +0530] /api/stores/cmly4r4s30007v3aw32slqjgc/products PostmanRuntime/7.51.1 201 16ms
GET [23/Feb/2026:00:50:03 +0530] /api/stores/cmly4r4s30007v3aw32slqjgc/products PostmanRuntime/7.51.1 200 4ms
GET [23/Feb/2026:00:50:32 +0530] /api/stores/cmly4r4s30007v3aw32slqjgc/products PostmanRuntime/7.51.1 200 3ms
GET [23/Feb/2026:00:52:29 +0530] /api/vendors/experiences PostmanRuntime/7.51.1 404 2ms
GET [23/Feb/2026:01:05:13 +0530] /api/vendor/experiences PostmanRuntime/7.51.1 404 81ms
POST [23/Feb/2026:01:08:02 +0530] /api/vendor/experiences PostmanRuntime/7.51.1 201 109ms
POST [23/Feb/2026:01:08:25 +0530] /api/vendor/experiences PostmanRuntime/7.51.1 201 31ms
POST [23/Feb/2026:01:08:46 +0530] /api/vendor/experiences PostmanRuntime/7.51.1 201 43ms
POST [23/Feb/2026:01:09:11 +0530] /api/vendor/experiences PostmanRuntime/7.51.1 201 35ms
GET [23/Feb/2026:01:10:00 +0530] /api/vendor/experiences PostmanRuntime/7.51.1 404 6ms
GET [23/Feb/2026:01:10:19 +0530] /api/vendor/experiences PostmanRuntime/7.51.1 404 9ms
GET [23/Feb/2026:01:10:55 +0530] /api/vendor/experiences/my-experiences PostmanRuntime/7.51.1 200 18ms
GET [23/Feb/2026:01:11:14 +0530] /api/vendor/experiences PostmanRuntime/7.51.1 200 53ms
POST [23/Feb/2026:01:13:02 +0530] /api/auth/register PostmanRuntime/7.51.1 201 186ms
POST [23/Feb/2026:01:13:19 +0530] /api/travel-plans PostmanRuntime/7.51.1 201 123ms
GET [23/Feb/2026:01:14:26 +0530] /api/accommodations?city=Calangute&country=India&minRating=4 PostmanRuntime/7.51.1 200 105ms
GET [23/Feb/2026:01:18:49 +0530] /api/accommodations?city=Calangute&country=India&minRating=4 PostmanRuntime/7.51.1 200 105ms
GET [23/Feb/2026:01:25:42 +0530] /api/accommodations?city=Calangute&country=India&minRating=4 PostmanRuntime/7.51.1 200 100ms
GET [23/Feb/2026:01:26:48 +0530] /api/accommodations?city=Calangute&country=India&minRating=4 PostmanRuntime/7.51.1 200 114ms
GET [23/Feb/2026:01:27:00 +0530] /api/accommodations?city=Calangute&country=India&minRating=4 PostmanRuntime/7.51.1 200 116ms
GET [23/Feb/2026:01:34:21 +0530] /api/accommodations?location=Candolim PostmanRuntime/7.51.1 200 209ms
GET [23/Feb/2026:01:34:33 +0530] /api/accommodations?location=Calangute PostmanRuntime/7.51.1 200 12ms
GET [23/Feb/2026:01:34:44 +0530] /api/accommodations?city=Candolim&country=India PostmanRuntime/7.51.1 200 15ms
GET [23/Feb/2026:01:35:03 +0530] /api/accommodations?search=Taj PostmanRuntime/7.51.1 200 12ms
GET [23/Feb/2026:01:35:21 +0530] /api/accommodations?location=North%20Goa&minRating=4&priceCategory=LUXURY PostmanRuntime/7.51.1 200 10ms
GET [23/Feb/2026:01:36:20 +0530] /api/accommodations?search=Taj PostmanRuntime/7.51.1 200 121ms
GET [23/Feb/2026:01:37:11 +0530] /api/accommodations?city=Calangute&country=India&minRating=4 PostmanRuntime/7.51.1 200 8ms
GET [23/Feb/2026:01:37:18 +0530] /api/accommodations?city=Calangute&country=India&minRating=3 PostmanRuntime/7.51.1 200 6ms
GET [23/Feb/2026:01:37:33 +0530] /api/accommodations?country=India&minRating=3 PostmanRuntime/7.51.1 200 11ms
GET [23/Feb/2026:01:37:41 +0530] /api/accommodations?country=India&minRating=4 PostmanRuntime/7.51.1 200 5ms
GET [23/Feb/2026:01:38:03 +0530] /api/accommodations?city=Candolim&country=India&minRating=4 PostmanRuntime/7.51.1 200 8ms
GET [23/Feb/2026:01:39:45 +0530] /api/travel-plans/plan_goa_123/accommodations PostmanRuntime/7.51.1 404 31ms
POST [23/Feb/2026:01:41:01 +0530] /api/travel-plans/plan_goa_123/accommodations PostmanRuntime/7.51.1 403 23ms
POST [23/Feb/2026:01:42:03 +0530] /api/travel-plans/cmly5nuca0006v370av39rzi2/accommodations PostmanRuntime/7.51.1 201 176ms
POST [23/Feb/2026:01:42:47 +0530] /api/travel-plans/cmly5nuca0006v370av39rzi2/accommodations PostmanRuntime/7.51.1 201 22ms
GET [23/Feb/2026:01:43:30 +0530] /api/accommodations?city=Palolem&country=India&minRating=4 PostmanRuntime/7.51.1 200 88ms
GET [23/Feb/2026:01:44:29 +0530] /api/travel-plans/cmly0knzj0005v3gcl02ihtc4/accommodations PostmanRuntime/7.51.1 404 4ms
GET [23/Feb/2026:01:44:31 +0530] /api/travel-plans/cmly0knzj0005v3gcl02ihtc4/accommodations PostmanRuntime/7.51.1 404 6ms
POST [23/Feb/2026:01:45:29 +0530] /api/travel-plans/cmly5nuca0006v370av39rzi2/accommodations PostmanRuntime/7.51.1 201 43ms
GET [23/Feb/2026:01:47:06 +0530] /api/transportation/providers?city=Goa&providerType=TAXI_SERVICE PostmanRuntime/7.51.1 200 94ms
POST [23/Feb/2026:01:47:31 +0530] /api/travel-plans/cmly0knzj0005v3gcl02ihtc4/accommodations PostmanRuntime/7.51.1 403 15ms
POST [23/Feb/2026:01:47:57 +0530] /api/travel-plans/cmly5nuca0006v370av39rzi2/accommodations PostmanRuntime/7.51.1 201 189ms
GET [23/Feb/2026:01:49:00 +0530] /api/travel-plans/cmly5nuca0006v370av39rzi2 PostmanRuntime/7.51.1 401 54ms
GET [23/Feb/2026:01:49:24 +0530] /api/travel-plans/cmly5nuca0006v370av39rzi2 PostmanRuntime/7.51.1 200 237ms
GET [23/Feb/2026:01:54:27 +0530] /api/transportation/providers?city=Goa&providerType=TAXI_SERVICE PostmanRuntime/7.51.1 200 4ms
GET [23/Feb/2026:01:57:18 +0530] /api/transportation/providers?city=Goa&providerType=TAXI_SERVICE PostmanRuntime/7.51.1 200 120ms
GET [23/Feb/2026:02:01:42 +0530] /api/transportation/providers?city=Goa&providerType=TAXI_SERVICE PostmanRuntime/7.51.1 200 107ms
GET [23/Feb/2026:02:02:01 +0530] /api/transportation/providers?location=North%20Goa PostmanRuntime/7.51.1 200 14ms
GET [23/Feb/2026:02:02:16 +0530] /api/transportation/providers?location=Panjim PostmanRuntime/7.51.1 200 10ms
POST [23/Feb/2026:02:04:01 +0530] /api/travel-plans/cmly3h1hn0001v3p0egrbs127/transportation PostmanRuntime/7.51.1 403 39ms
POST [23/Feb/2026:02:04:33 +0530] /api/travel-plans/cmly5nuca0006v370av39rzi2/transportation PostmanRuntime/7.51.1 404 62ms
POST [23/Feb/2026:02:05:03 +0530] /api/travel-plans/cmly5nuca0006v370av39rzi2/transportation PostmanRuntime/7.51.1 201 33ms
GET [23/Feb/2026:02:06:28 +0530] /api/travel-plans/cmly5nuca0006v370av39rzi2 PostmanRuntime/7.51.1 200 165ms
GET [23/Feb/2026:13:21:46 +0530] /health PostmanRuntime/7.51.1 200 10ms
POST [23/Feb/2026:13:22:06 +0530] /api/auth/login PostmanRuntime/7.51.1 200 211ms
